The system is: Darwin - 15.6.0 - x86_64
Compiling the C compiler identification source file "CMakeCCompilerId.c" succeeded.
Compiler: /usr/local/Cellar/gcc/5.3.0/bin/gcc-5 
Build flags: 
Id flags: 

The output was:
0


Compilation of the C compiler identification source "CMakeCCompilerId.c" produced "a.out"

The C compiler identification is GNU, found in "/Users/Florian/home/developments/git/snowpac/build/CMakeFiles/3.3.2/CompilerIdC/a.out"

Compiling the CXX compiler identification source file "CMakeCXXCompilerId.cpp" succeeded.
Compiler: /usr/local/Cellar/gcc/5.3.0/bin/g++-5 
Build flags: 
Id flags: 

The output was:
0


Compilation of the CXX compiler identification source "CMakeCXXCompilerId.cpp" produced "a.out"

The CXX compiler identification is GNU, found in "/Users/Florian/home/developments/git/snowpac/build/CMakeFiles/3.3.2/CompilerIdCXX/a.out"

Determining if the C compiler works passed with the following output:
Change Dir: /Users/Florian/home/developments/git/snowpac/build/CMakeFiles/CMakeTmp

Run Build Command:"/usr/bin/make" "cmTC_c7b32/fast"
/Applications/Xcode.app/Contents/Developer/usr/bin/make -f CMakeFiles/cmTC_c7b32.dir/build.make CMakeFiles/cmTC_c7b32.dir/build
Building C object CMakeFiles/cmTC_c7b32.dir/testCCompiler.c.o
/usr/local/Cellar/gcc/5.3.0/bin/gcc-5    -o CMakeFiles/cmTC_c7b32.dir/testCCompiler.c.o   -c /Users/Florian/home/developments/git/snowpac/build/CMakeFiles/CMakeTmp/testCCompiler.c
Linking C executable cmTC_c7b32
/usr/local/Cellar/cmake/3.3.2/bin/cmake -E cmake_link_script CMakeFiles/cmTC_c7b32.dir/link.txt --verbose=1
/usr/local/Cellar/gcc/5.3.0/bin/gcc-5    -Wl,-search_paths_first -Wl,-headerpad_max_install_names   CMakeFiles/cmTC_c7b32.dir/testCCompiler.c.o  -o cmTC_c7b32  


Detecting C compiler ABI info compiled with the following output:
Change Dir: /Users/Florian/home/developments/git/snowpac/build/CMakeFiles/CMakeTmp

Run Build Command:"/usr/bin/make" "cmTC_ce4eb/fast"
/Applications/Xcode.app/Contents/Developer/usr/bin/make -f CMakeFiles/cmTC_ce4eb.dir/build.make CMakeFiles/cmTC_ce4eb.dir/build
Building C object CMakeFiles/cmTC_ce4eb.dir/CMakeCCompilerABI.c.o
/usr/local/Cellar/gcc/5.3.0/bin/gcc-5    -o CMakeFiles/cmTC_ce4eb.dir/CMakeCCompilerABI.c.o   -c /usr/local/Cellar/cmake/3.3.2/share/cmake/Modules/CMakeCCompilerABI.c
Linking C executable cmTC_ce4eb
/usr/local/Cellar/cmake/3.3.2/bin/cmake -E cmake_link_script CMakeFiles/cmTC_ce4eb.dir/link.txt --verbose=1
/usr/local/Cellar/gcc/5.3.0/bin/gcc-5    -Wl,-search_paths_first -Wl,-headerpad_max_install_names  -v -Wl,-v CMakeFiles/cmTC_ce4eb.dir/CMakeCCompilerABI.c.o  -o cmTC_ce4eb   
Using built-in specs.
COLLECT_GCC=/usr/local/Cellar/gcc/5.3.0/bin/gcc-5
COLLECT_LTO_WRAPPER=/usr/local/Cellar/gcc/5.3.0/libexec/gcc/x86_64-apple-darwin15.0.0/5.3.0/lto-wrapper
Target: x86_64-apple-darwin15.0.0
Configured with: ../configure --build=x86_64-apple-darwin15.0.0 --prefix=/usr/local/Cellar/gcc/5.3.0 --libdir=/usr/local/Cellar/gcc/5.3.0/lib/gcc/5 --enable-languages=c,c++,objc,obj-c++,fortran --program-suffix=-5 --with-gmp=/usr/local/opt/gmp --with-mpfr=/usr/local/opt/mpfr --with-mpc=/usr/local/opt/libmpc --with-isl=/usr/local/opt/isl --with-system-zlib --enable-libstdcxx-time=yes --enable-stage1-checking --enable-checking=release --enable-lto --with-build-config=bootstrap-debug --disable-werror --with-pkgversion='Homebrew gcc 5.3.0' --with-bugurl=https://github.com/Homebrew/homebrew/issues --enable-plugin --disable-nls --enable-multilib
Thread model: posix
gcc version 5.3.0 (Homebrew gcc 5.3.0) 
COMPILER_PATH=/usr/local/Cellar/gcc/5.3.0/libexec/gcc/x86_64-apple-darwin15.0.0/5.3.0/:/usr/local/Cellar/gcc/5.3.0/libexec/gcc/x86_64-apple-darwin15.0.0/5.3.0/:/usr/local/Cellar/gcc/5.3.0/libexec/gcc/x86_64-apple-darwin15.0.0/:/usr/local/Cellar/gcc/5.3.0/lib/gcc/5/gcc/x86_64-apple-darwin15.0.0/5.3.0/:/usr/local/Cellar/gcc/5.3.0/lib/gcc/5/gcc/x86_64-apple-darwin15.0.0/
LIBRARY_PATH=/usr/local/Cellar/gcc/5.3.0/lib/gcc/5/gcc/x86_64-apple-darwin15.0.0/5.3.0/:/usr/local/Cellar/gcc/5.3.0/lib/gcc/5/gcc/x86_64-apple-darwin15.0.0/5.3.0/../../../:/usr/lib/
COLLECT_GCC_OPTIONS='-mmacosx-version-min=10.11.6' '-v' '-o' 'cmTC_ce4eb' '-mtune=core2'
 /usr/local/Cellar/gcc/5.3.0/libexec/gcc/x86_64-apple-darwin15.0.0/5.3.0/collect2 -dynamic -arch x86_64 -macosx_version_min 10.11.6 -weak_reference_mismatches non-weak -o cmTC_ce4eb -L/usr/local/Cellar/gcc/5.3.0/lib/gcc/5/gcc/x86_64-apple-darwin15.0.0/5.3.0 -L/usr/local/Cellar/gcc/5.3.0/lib/gcc/5/gcc/x86_64-apple-darwin15.0.0/5.3.0/../../.. -search_paths_first -headerpad_max_install_names -v CMakeFiles/cmTC_ce4eb.dir/CMakeCCompilerABI.c.o -no_compact_unwind -lSystem -lgcc_ext.10.5 -lgcc -lSystem -v
collect2 version 5.3.0
/usr/bin/ld -dynamic -arch x86_64 -macosx_version_min 10.11.6 -weak_reference_mismatches non-weak -o cmTC_ce4eb -L/usr/local/Cellar/gcc/5.3.0/lib/gcc/5/gcc/x86_64-apple-darwin15.0.0/5.3.0 -L/usr/local/Cellar/gcc/5.3.0/lib/gcc/5/gcc/x86_64-apple-darwin15.0.0/5.3.0/../../.. -search_paths_first -headerpad_max_install_names -v CMakeFiles/cmTC_ce4eb.dir/CMakeCCompilerABI.c.o -no_compact_unwind -lSystem -lgcc_ext.10.5 -lgcc -lSystem -v
@(#)PROGRAM:ld  PROJECT:ld64-264.3.102
configured to support archs: armv6 armv7 armv7s arm64 i386 x86_64 x86_64h armv6m armv7k armv7m armv7em (tvOS)
@(#)PROGRAM:ld  PROJECT:ld64-264.3.102
configured to support archs: armv6 armv7 armv7s arm64 i386 x86_64 x86_64h armv6m armv7k armv7m armv7em (tvOS)
Library search paths:
	/usr/local/Cellar/gcc/5.3.0/lib/gcc/5/gcc/x86_64-apple-darwin15.0.0/5.3.0
	/usr/local/Cellar/gcc/5.3.0/lib/gcc/5
	/usr/lib
	/usr/local/lib
Framework search paths:
	/Library/Frameworks/
	/System/Library/Frameworks/
 /usr/bin/nm -n CMakeFiles/cmTC_ce4eb.dir/CMakeCCompilerABI.c.o


Parsed C implicit link information from above output:
  link line regex: [^( *|.*[/\])(ld|([^/\]+-)?ld|collect2)[^/\]*( |$)]
  ignore line: [Change Dir: /Users/Florian/home/developments/git/snowpac/build/CMakeFiles/CMakeTmp]
  ignore line: []
  ignore line: [Run Build Command:"/usr/bin/make" "cmTC_ce4eb/fast"]
  ignore line: [/Applications/Xcode.app/Contents/Developer/usr/bin/make -f CMakeFiles/cmTC_ce4eb.dir/build.make CMakeFiles/cmTC_ce4eb.dir/build]
  ignore line: [Building C object CMakeFiles/cmTC_ce4eb.dir/CMakeCCompilerABI.c.o]
  ignore line: [/usr/local/Cellar/gcc/5.3.0/bin/gcc-5    -o CMakeFiles/cmTC_ce4eb.dir/CMakeCCompilerABI.c.o   -c /usr/local/Cellar/cmake/3.3.2/share/cmake/Modules/CMakeCCompilerABI.c]
  ignore line: [Linking C executable cmTC_ce4eb]
  ignore line: [/usr/local/Cellar/cmake/3.3.2/bin/cmake -E cmake_link_script CMakeFiles/cmTC_ce4eb.dir/link.txt --verbose=1]
  ignore line: [/usr/local/Cellar/gcc/5.3.0/bin/gcc-5    -Wl,-search_paths_first -Wl,-headerpad_max_install_names  -v -Wl,-v CMakeFiles/cmTC_ce4eb.dir/CMakeCCompilerABI.c.o  -o cmTC_ce4eb   ]
  ignore line: [Using built-in specs.]
  ignore line: [COLLECT_GCC=/usr/local/Cellar/gcc/5.3.0/bin/gcc-5]
  ignore line: [COLLECT_LTO_WRAPPER=/usr/local/Cellar/gcc/5.3.0/libexec/gcc/x86_64-apple-darwin15.0.0/5.3.0/lto-wrapper]
  ignore line: [Target: x86_64-apple-darwin15.0.0]
  ignore line: [Configured with: ../configure --build=x86_64-apple-darwin15.0.0 --prefix=/usr/local/Cellar/gcc/5.3.0 --libdir=/usr/local/Cellar/gcc/5.3.0/lib/gcc/5 --enable-languages=c,c++,objc,obj-c++,fortran --program-suffix=-5 --with-gmp=/usr/local/opt/gmp --with-mpfr=/usr/local/opt/mpfr --with-mpc=/usr/local/opt/libmpc --with-isl=/usr/local/opt/isl --with-system-zlib --enable-libstdcxx-time=yes --enable-stage1-checking --enable-checking=release --enable-lto --with-build-config=bootstrap-debug --disable-werror --with-pkgversion='Homebrew gcc 5.3.0' --with-bugurl=https://github.com/Homebrew/homebrew/issues --enable-plugin --disable-nls --enable-multilib]
  ignore line: [Thread model: posix]
  ignore line: [gcc version 5.3.0 (Homebrew gcc 5.3.0) ]
  ignore line: [COMPILER_PATH=/usr/local/Cellar/gcc/5.3.0/libexec/gcc/x86_64-apple-darwin15.0.0/5.3.0/:/usr/local/Cellar/gcc/5.3.0/libexec/gcc/x86_64-apple-darwin15.0.0/5.3.0/:/usr/local/Cellar/gcc/5.3.0/libexec/gcc/x86_64-apple-darwin15.0.0/:/usr/local/Cellar/gcc/5.3.0/lib/gcc/5/gcc/x86_64-apple-darwin15.0.0/5.3.0/:/usr/local/Cellar/gcc/5.3.0/lib/gcc/5/gcc/x86_64-apple-darwin15.0.0/]
  ignore line: [LIBRARY_PATH=/usr/local/Cellar/gcc/5.3.0/lib/gcc/5/gcc/x86_64-apple-darwin15.0.0/5.3.0/:/usr/local/Cellar/gcc/5.3.0/lib/gcc/5/gcc/x86_64-apple-darwin15.0.0/5.3.0/../../../:/usr/lib/]
  ignore line: [COLLECT_GCC_OPTIONS='-mmacosx-version-min=10.11.6' '-v' '-o' 'cmTC_ce4eb' '-mtune=core2']
  link line: [ /usr/local/Cellar/gcc/5.3.0/libexec/gcc/x86_64-apple-darwin15.0.0/5.3.0/collect2 -dynamic -arch x86_64 -macosx_version_min 10.11.6 -weak_reference_mismatches non-weak -o cmTC_ce4eb -L/usr/local/Cellar/gcc/5.3.0/lib/gcc/5/gcc/x86_64-apple-darwin15.0.0/5.3.0 -L/usr/local/Cellar/gcc/5.3.0/lib/gcc/5/gcc/x86_64-apple-darwin15.0.0/5.3.0/../../.. -search_paths_first -headerpad_max_install_names -v CMakeFiles/cmTC_ce4eb.dir/CMakeCCompilerABI.c.o -no_compact_unwind -lSystem -lgcc_ext.10.5 -lgcc -lSystem -v]
    arg [/usr/local/Cellar/gcc/5.3.0/libexec/gcc/x86_64-apple-darwin15.0.0/5.3.0/collect2] ==> ignore
    arg [-dynamic] ==> ignore
    arg [-arch] ==> ignore
    arg [x86_64] ==> ignore
    arg [-macosx_version_min] ==> ignore
    arg [10.11.6] ==> ignore
    arg [-weak_reference_mismatches] ==> ignore
    arg [non-weak] ==> ignore
    arg [-o] ==> ignore
    arg [cmTC_ce4eb] ==> ignore
    arg [-L/usr/local/Cellar/gcc/5.3.0/lib/gcc/5/gcc/x86_64-apple-darwin15.0.0/5.3.0] ==> dir [/usr/local/Cellar/gcc/5.3.0/lib/gcc/5/gcc/x86_64-apple-darwin15.0.0/5.3.0]
    arg [-L/usr/local/Cellar/gcc/5.3.0/lib/gcc/5/gcc/x86_64-apple-darwin15.0.0/5.3.0/../../..] ==> dir [/usr/local/Cellar/gcc/5.3.0/lib/gcc/5/gcc/x86_64-apple-darwin15.0.0/5.3.0/../../..]
    arg [-search_paths_first] ==> ignore
    arg [-headerpad_max_install_names] ==> ignore
    arg [-v] ==> ignore
    arg [CMakeFiles/cmTC_ce4eb.dir/CMakeCCompilerABI.c.o] ==> ignore
    arg [-no_compact_unwind] ==> ignore
    arg [-lSystem] ==> lib [System]
    arg [-lgcc_ext.10.5] ==> lib [gcc_ext.10.5]
    arg [-lgcc] ==> lib [gcc]
    arg [-lSystem] ==> lib [System]
    arg [-v] ==> ignore
  Library search paths: [;/usr/local/Cellar/gcc/5.3.0/lib/gcc/5/gcc/x86_64-apple-darwin15.0.0/5.3.0;/usr/local/Cellar/gcc/5.3.0/lib/gcc/5;/usr/lib;/usr/local/lib]
  Framework search paths: [;/Library/Frameworks/;/System/Library/Frameworks/]
  remove lib [System]
  remove lib [gcc_ext.10.5]
  remove lib [gcc]
  remove lib [System]
  collapse library dir [/usr/local/Cellar/gcc/5.3.0/lib/gcc/5/gcc/x86_64-apple-darwin15.0.0/5.3.0] ==> [/usr/local/Cellar/gcc/5.3.0/lib/gcc/5/gcc/x86_64-apple-darwin15.0.0/5.3.0]
  collapse library dir [/usr/local/Cellar/gcc/5.3.0/lib/gcc/5/gcc/x86_64-apple-darwin15.0.0/5.3.0/../../..] ==> [/usr/local/Cellar/gcc/5.3.0/lib/gcc/5]
  collapse library dir [/usr/local/Cellar/gcc/5.3.0/lib/gcc/5/gcc/x86_64-apple-darwin15.0.0/5.3.0] ==> [/usr/local/Cellar/gcc/5.3.0/lib/gcc/5/gcc/x86_64-apple-darwin15.0.0/5.3.0]
  collapse library dir [/usr/local/Cellar/gcc/5.3.0/lib/gcc/5] ==> [/usr/local/Cellar/gcc/5.3.0/lib/gcc/5]
  collapse library dir [/usr/lib] ==> [/usr/lib]
  collapse library dir [/usr/local/lib] ==> [/usr/local/lib]
  collapse framework dir [/Library/Frameworks/] ==> [/Library/Frameworks]
  collapse framework dir [/System/Library/Frameworks/] ==> [/System/Library/Frameworks]
  implicit libs: []
  implicit dirs: [/usr/local/Cellar/gcc/5.3.0/lib/gcc/5/gcc/x86_64-apple-darwin15.0.0/5.3.0;/usr/local/Cellar/gcc/5.3.0/lib/gcc/5;/usr/lib;/usr/local/lib]
  implicit fwks: [/Library/Frameworks;/System/Library/Frameworks]




Detecting C [-std=c11] compiler features compiled with the following output:
Change Dir: /Users/Florian/home/developments/git/snowpac/build/CMakeFiles/CMakeTmp

Run Build Command:"/usr/bin/make" "cmTC_a5260/fast"
/Applications/Xcode.app/Contents/Developer/usr/bin/make -f CMakeFiles/cmTC_a5260.dir/build.make CMakeFiles/cmTC_a5260.dir/build
Building C object CMakeFiles/cmTC_a5260.dir/feature_tests.c.o
/usr/local/Cellar/gcc/5.3.0/bin/gcc-5   -std=c11 -o CMakeFiles/cmTC_a5260.dir/feature_tests.c.o   -c /Users/Florian/home/developments/git/snowpac/build/CMakeFiles/feature_tests.c
Linking C executable cmTC_a5260
/usr/local/Cellar/cmake/3.3.2/bin/cmake -E cmake_link_script CMakeFiles/cmTC_a5260.dir/link.txt --verbose=1
/usr/local/Cellar/gcc/5.3.0/bin/gcc-5    -Wl,-search_paths_first -Wl,-headerpad_max_install_names   CMakeFiles/cmTC_a5260.dir/feature_tests.c.o  -o cmTC_a5260  


    Feature record: C_FEATURE:1c_function_prototypes
    Feature record: C_FEATURE:1c_restrict
    Feature record: C_FEATURE:1c_static_assert
    Feature record: C_FEATURE:1c_variadic_macros


Detecting C [-std=c99] compiler features compiled with the following output:
Change Dir: /Users/Florian/home/developments/git/snowpac/build/CMakeFiles/CMakeTmp

Run Build Command:"/usr/bin/make" "cmTC_e9b59/fast"
/Applications/Xcode.app/Contents/Developer/usr/bin/make -f CMakeFiles/cmTC_e9b59.dir/build.make CMakeFiles/cmTC_e9b59.dir/build
Building C object CMakeFiles/cmTC_e9b59.dir/feature_tests.c.o
/usr/local/Cellar/gcc/5.3.0/bin/gcc-5   -std=c99 -o CMakeFiles/cmTC_e9b59.dir/feature_tests.c.o   -c /Users/Florian/home/developments/git/snowpac/build/CMakeFiles/feature_tests.c
Linking C executable cmTC_e9b59
/usr/local/Cellar/cmake/3.3.2/bin/cmake -E cmake_link_script CMakeFiles/cmTC_e9b59.dir/link.txt --verbose=1
/usr/local/Cellar/gcc/5.3.0/bin/gcc-5    -Wl,-search_paths_first -Wl,-headerpad_max_install_names   CMakeFiles/cmTC_e9b59.dir/feature_tests.c.o  -o cmTC_e9b59  


    Feature record: C_FEATURE:1c_function_prototypes
    Feature record: C_FEATURE:1c_restrict
    Feature record: C_FEATURE:0c_static_assert
    Feature record: C_FEATURE:1c_variadic_macros


Detecting C [-std=c90] compiler features compiled with the following output:
Change Dir: /Users/Florian/home/developments/git/snowpac/build/CMakeFiles/CMakeTmp

Run Build Command:"/usr/bin/make" "cmTC_3f2a5/fast"
/Applications/Xcode.app/Contents/Developer/usr/bin/make -f CMakeFiles/cmTC_3f2a5.dir/build.make CMakeFiles/cmTC_3f2a5.dir/build
Building C object CMakeFiles/cmTC_3f2a5.dir/feature_tests.c.o
/usr/local/Cellar/gcc/5.3.0/bin/gcc-5   -std=c90 -o CMakeFiles/cmTC_3f2a5.dir/feature_tests.c.o   -c /Users/Florian/home/developments/git/snowpac/build/CMakeFiles/feature_tests.c
Linking C executable cmTC_3f2a5
/usr/local/Cellar/cmake/3.3.2/bin/cmake -E cmake_link_script CMakeFiles/cmTC_3f2a5.dir/link.txt --verbose=1
/usr/local/Cellar/gcc/5.3.0/bin/gcc-5    -Wl,-search_paths_first -Wl,-headerpad_max_install_names   CMakeFiles/cmTC_3f2a5.dir/feature_tests.c.o  -o cmTC_3f2a5  


    Feature record: C_FEATURE:1c_function_prototypes
    Feature record: C_FEATURE:0c_restrict
    Feature record: C_FEATURE:0c_static_assert
    Feature record: C_FEATURE:0c_variadic_macros
Determining if the CXX compiler works passed with the following output:
Change Dir: /Users/Florian/home/developments/git/snowpac/build/CMakeFiles/CMakeTmp

Run Build Command:"/usr/bin/make" "cmTC_151d2/fast"
/Applications/Xcode.app/Contents/Developer/usr/bin/make -f CMakeFiles/cmTC_151d2.dir/build.make CMakeFiles/cmTC_151d2.dir/build
Building CXX object CMakeFiles/cmTC_151d2.dir/testCXXCompiler.cxx.o
/usr/local/Cellar/gcc/5.3.0/bin/g++-5     -o CMakeFiles/cmTC_151d2.dir/testCXXCompiler.cxx.o -c /Users/Florian/home/developments/git/snowpac/build/CMakeFiles/CMakeTmp/testCXXCompiler.cxx
Linking CXX executable cmTC_151d2
/usr/local/Cellar/cmake/3.3.2/bin/cmake -E cmake_link_script CMakeFiles/cmTC_151d2.dir/link.txt --verbose=1
/usr/local/Cellar/gcc/5.3.0/bin/g++-5     -Wl,-search_paths_first -Wl,-headerpad_max_install_names   CMakeFiles/cmTC_151d2.dir/testCXXCompiler.cxx.o  -o cmTC_151d2  


Detecting CXX compiler ABI info compiled with the following output:
Change Dir: /Users/Florian/home/developments/git/snowpac/build/CMakeFiles/CMakeTmp

Run Build Command:"/usr/bin/make" "cmTC_186e7/fast"
/Applications/Xcode.app/Contents/Developer/usr/bin/make -f CMakeFiles/cmTC_186e7.dir/build.make CMakeFiles/cmTC_186e7.dir/build
Building CXX object CMakeFiles/cmTC_186e7.dir/CMakeCXXCompilerABI.cpp.o
/usr/local/Cellar/gcc/5.3.0/bin/g++-5     -o CMakeFiles/cmTC_186e7.dir/CMakeCXXCompilerABI.cpp.o -c /usr/local/Cellar/cmake/3.3.2/share/cmake/Modules/CMakeCXXCompilerABI.cpp
Linking CXX executable cmTC_186e7
/usr/local/Cellar/cmake/3.3.2/bin/cmake -E cmake_link_script CMakeFiles/cmTC_186e7.dir/link.txt --verbose=1
/usr/local/Cellar/gcc/5.3.0/bin/g++-5     -Wl,-search_paths_first -Wl,-headerpad_max_install_names  -v -Wl,-v CMakeFiles/cmTC_186e7.dir/CMakeCXXCompilerABI.cpp.o  -o cmTC_186e7   
Using built-in specs.
COLLECT_GCC=/usr/local/Cellar/gcc/5.3.0/bin/g++-5
COLLECT_LTO_WRAPPER=/usr/local/Cellar/gcc/5.3.0/libexec/gcc/x86_64-apple-darwin15.0.0/5.3.0/lto-wrapper
Target: x86_64-apple-darwin15.0.0
Configured with: ../configure --build=x86_64-apple-darwin15.0.0 --prefix=/usr/local/Cellar/gcc/5.3.0 --libdir=/usr/local/Cellar/gcc/5.3.0/lib/gcc/5 --enable-languages=c,c++,objc,obj-c++,fortran --program-suffix=-5 --with-gmp=/usr/local/opt/gmp --with-mpfr=/usr/local/opt/mpfr --with-mpc=/usr/local/opt/libmpc --with-isl=/usr/local/opt/isl --with-system-zlib --enable-libstdcxx-time=yes --enable-stage1-checking --enable-checking=release --enable-lto --with-build-config=bootstrap-debug --disable-werror --with-pkgversion='Homebrew gcc 5.3.0' --with-bugurl=https://github.com/Homebrew/homebrew/issues --enable-plugin --disable-nls --enable-multilib
Thread model: posix
gcc version 5.3.0 (Homebrew gcc 5.3.0) 
COMPILER_PATH=/usr/local/Cellar/gcc/5.3.0/libexec/gcc/x86_64-apple-darwin15.0.0/5.3.0/:/usr/local/Cellar/gcc/5.3.0/libexec/gcc/x86_64-apple-darwin15.0.0/5.3.0/:/usr/local/Cellar/gcc/5.3.0/libexec/gcc/x86_64-apple-darwin15.0.0/:/usr/local/Cellar/gcc/5.3.0/lib/gcc/5/gcc/x86_64-apple-darwin15.0.0/5.3.0/:/usr/local/Cellar/gcc/5.3.0/lib/gcc/5/gcc/x86_64-apple-darwin15.0.0/
LIBRARY_PATH=/usr/local/Cellar/gcc/5.3.0/lib/gcc/5/gcc/x86_64-apple-darwin15.0.0/5.3.0/:/usr/local/Cellar/gcc/5.3.0/lib/gcc/5/gcc/x86_64-apple-darwin15.0.0/5.3.0/../../../:/usr/lib/
COLLECT_GCC_OPTIONS='-mmacosx-version-min=10.11.6' '-v' '-o' 'cmTC_186e7' '-shared-libgcc' '-mtune=core2'
 /usr/local/Cellar/gcc/5.3.0/libexec/gcc/x86_64-apple-darwin15.0.0/5.3.0/collect2 -dynamic -arch x86_64 -macosx_version_min 10.11.6 -weak_reference_mismatches non-weak -o cmTC_186e7 -L/usr/local/Cellar/gcc/5.3.0/lib/gcc/5/gcc/x86_64-apple-darwin15.0.0/5.3.0 -L/usr/local/Cellar/gcc/5.3.0/lib/gcc/5/gcc/x86_64-apple-darwin15.0.0/5.3.0/../../.. -search_paths_first -headerpad_max_install_names -v CMakeFiles/cmTC_186e7.dir/CMakeCXXCompilerABI.cpp.o -lstdc++ -no_compact_unwind -lSystem -lgcc_ext.10.5 -lgcc -lSystem -v
collect2 version 5.3.0
/usr/bin/ld -dynamic -arch x86_64 -macosx_version_min 10.11.6 -weak_reference_mismatches non-weak -o cmTC_186e7 -L/usr/local/Cellar/gcc/5.3.0/lib/gcc/5/gcc/x86_64-apple-darwin15.0.0/5.3.0 -L/usr/local/Cellar/gcc/5.3.0/lib/gcc/5/gcc/x86_64-apple-darwin15.0.0/5.3.0/../../.. -search_paths_first -headerpad_max_install_names -v CMakeFiles/cmTC_186e7.dir/CMakeCXXCompilerABI.cpp.o -lstdc++ -no_compact_unwind -lSystem -lgcc_ext.10.5 -lgcc -lSystem -v
@(#)PROGRAM:ld  PROJECT:ld64-264.3.102
configured to support archs: armv6 armv7 armv7s arm64 i386 x86_64 x86_64h armv6m armv7k armv7m armv7em (tvOS)
@(#)PROGRAM:ld  PROJECT:ld64-264.3.102
configured to support archs: armv6 armv7 armv7s arm64 i386 x86_64 x86_64h armv6m armv7k armv7m armv7em (tvOS)
Library search paths:
	/usr/local/Cellar/gcc/5.3.0/lib/gcc/5/gcc/x86_64-apple-darwin15.0.0/5.3.0
	/usr/local/Cellar/gcc/5.3.0/lib/gcc/5
	/usr/lib
	/usr/local/lib
Framework search paths:
	/Library/Frameworks/
	/System/Library/Frameworks/
 /usr/bin/nm -n CMakeFiles/cmTC_186e7.dir/CMakeCXXCompilerABI.cpp.o


Parsed CXX implicit link information from above output:
  link line regex: [^( *|.*[/\])(ld|([^/\]+-)?ld|collect2)[^/\]*( |$)]
  ignore line: [Change Dir: /Users/Florian/home/developments/git/snowpac/build/CMakeFiles/CMakeTmp]
  ignore line: []
  ignore line: [Run Build Command:"/usr/bin/make" "cmTC_186e7/fast"]
  ignore line: [/Applications/Xcode.app/Contents/Developer/usr/bin/make -f CMakeFiles/cmTC_186e7.dir/build.make CMakeFiles/cmTC_186e7.dir/build]
  ignore line: [Building CXX object CMakeFiles/cmTC_186e7.dir/CMakeCXXCompilerABI.cpp.o]
  ignore line: [/usr/local/Cellar/gcc/5.3.0/bin/g++-5     -o CMakeFiles/cmTC_186e7.dir/CMakeCXXCompilerABI.cpp.o -c /usr/local/Cellar/cmake/3.3.2/share/cmake/Modules/CMakeCXXCompilerABI.cpp]
  ignore line: [Linking CXX executable cmTC_186e7]
  ignore line: [/usr/local/Cellar/cmake/3.3.2/bin/cmake -E cmake_link_script CMakeFiles/cmTC_186e7.dir/link.txt --verbose=1]
  ignore line: [/usr/local/Cellar/gcc/5.3.0/bin/g++-5     -Wl,-search_paths_first -Wl,-headerpad_max_install_names  -v -Wl,-v CMakeFiles/cmTC_186e7.dir/CMakeCXXCompilerABI.cpp.o  -o cmTC_186e7   ]
  ignore line: [Using built-in specs.]
  ignore line: [COLLECT_GCC=/usr/local/Cellar/gcc/5.3.0/bin/g++-5]
  ignore line: [COLLECT_LTO_WRAPPER=/usr/local/Cellar/gcc/5.3.0/libexec/gcc/x86_64-apple-darwin15.0.0/5.3.0/lto-wrapper]
  ignore line: [Target: x86_64-apple-darwin15.0.0]
  ignore line: [Configured with: ../configure --build=x86_64-apple-darwin15.0.0 --prefix=/usr/local/Cellar/gcc/5.3.0 --libdir=/usr/local/Cellar/gcc/5.3.0/lib/gcc/5 --enable-languages=c,c++,objc,obj-c++,fortran --program-suffix=-5 --with-gmp=/usr/local/opt/gmp --with-mpfr=/usr/local/opt/mpfr --with-mpc=/usr/local/opt/libmpc --with-isl=/usr/local/opt/isl --with-system-zlib --enable-libstdcxx-time=yes --enable-stage1-checking --enable-checking=release --enable-lto --with-build-config=bootstrap-debug --disable-werror --with-pkgversion='Homebrew gcc 5.3.0' --with-bugurl=https://github.com/Homebrew/homebrew/issues --enable-plugin --disable-nls --enable-multilib]
  ignore line: [Thread model: posix]
  ignore line: [gcc version 5.3.0 (Homebrew gcc 5.3.0) ]
  ignore line: [COMPILER_PATH=/usr/local/Cellar/gcc/5.3.0/libexec/gcc/x86_64-apple-darwin15.0.0/5.3.0/:/usr/local/Cellar/gcc/5.3.0/libexec/gcc/x86_64-apple-darwin15.0.0/5.3.0/:/usr/local/Cellar/gcc/5.3.0/libexec/gcc/x86_64-apple-darwin15.0.0/:/usr/local/Cellar/gcc/5.3.0/lib/gcc/5/gcc/x86_64-apple-darwin15.0.0/5.3.0/:/usr/local/Cellar/gcc/5.3.0/lib/gcc/5/gcc/x86_64-apple-darwin15.0.0/]
  ignore line: [LIBRARY_PATH=/usr/local/Cellar/gcc/5.3.0/lib/gcc/5/gcc/x86_64-apple-darwin15.0.0/5.3.0/:/usr/local/Cellar/gcc/5.3.0/lib/gcc/5/gcc/x86_64-apple-darwin15.0.0/5.3.0/../../../:/usr/lib/]
  ignore line: [COLLECT_GCC_OPTIONS='-mmacosx-version-min=10.11.6' '-v' '-o' 'cmTC_186e7' '-shared-libgcc' '-mtune=core2']
  link line: [ /usr/local/Cellar/gcc/5.3.0/libexec/gcc/x86_64-apple-darwin15.0.0/5.3.0/collect2 -dynamic -arch x86_64 -macosx_version_min 10.11.6 -weak_reference_mismatches non-weak -o cmTC_186e7 -L/usr/local/Cellar/gcc/5.3.0/lib/gcc/5/gcc/x86_64-apple-darwin15.0.0/5.3.0 -L/usr/local/Cellar/gcc/5.3.0/lib/gcc/5/gcc/x86_64-apple-darwin15.0.0/5.3.0/../../.. -search_paths_first -headerpad_max_install_names -v CMakeFiles/cmTC_186e7.dir/CMakeCXXCompilerABI.cpp.o -lstdc++ -no_compact_unwind -lSystem -lgcc_ext.10.5 -lgcc -lSystem -v]
    arg [/usr/local/Cellar/gcc/5.3.0/libexec/gcc/x86_64-apple-darwin15.0.0/5.3.0/collect2] ==> ignore
    arg [-dynamic] ==> ignore
    arg [-arch] ==> ignore
    arg [x86_64] ==> ignore
    arg [-macosx_version_min] ==> ignore
    arg [10.11.6] ==> ignore
    arg [-weak_reference_mismatches] ==> ignore
    arg [non-weak] ==> ignore
    arg [-o] ==> ignore
    arg [cmTC_186e7] ==> ignore
    arg [-L/usr/local/Cellar/gcc/5.3.0/lib/gcc/5/gcc/x86_64-apple-darwin15.0.0/5.3.0] ==> dir [/usr/local/Cellar/gcc/5.3.0/lib/gcc/5/gcc/x86_64-apple-darwin15.0.0/5.3.0]
    arg [-L/usr/local/Cellar/gcc/5.3.0/lib/gcc/5/gcc/x86_64-apple-darwin15.0.0/5.3.0/../../..] ==> dir [/usr/local/Cellar/gcc/5.3.0/lib/gcc/5/gcc/x86_64-apple-darwin15.0.0/5.3.0/../../..]
    arg [-search_paths_first] ==> ignore
    arg [-headerpad_max_install_names] ==> ignore
    arg [-v] ==> ignore
    arg [CMakeFiles/cmTC_186e7.dir/CMakeCXXCompilerABI.cpp.o] ==> ignore
    arg [-lstdc++] ==> lib [stdc++]
    arg [-no_compact_unwind] ==> ignore
    arg [-lSystem] ==> lib [System]
    arg [-lgcc_ext.10.5] ==> lib [gcc_ext.10.5]
    arg [-lgcc] ==> lib [gcc]
    arg [-lSystem] ==> lib [System]
    arg [-v] ==> ignore
  Library search paths: [;/usr/local/Cellar/gcc/5.3.0/lib/gcc/5/gcc/x86_64-apple-darwin15.0.0/5.3.0;/usr/local/Cellar/gcc/5.3.0/lib/gcc/5;/usr/lib;/usr/local/lib]
  Framework search paths: [;/Library/Frameworks/;/System/Library/Frameworks/]
  remove lib [System]
  remove lib [gcc_ext.10.5]
  remove lib [gcc]
  remove lib [System]
  collapse library dir [/usr/local/Cellar/gcc/5.3.0/lib/gcc/5/gcc/x86_64-apple-darwin15.0.0/5.3.0] ==> [/usr/local/Cellar/gcc/5.3.0/lib/gcc/5/gcc/x86_64-apple-darwin15.0.0/5.3.0]
  collapse library dir [/usr/local/Cellar/gcc/5.3.0/lib/gcc/5/gcc/x86_64-apple-darwin15.0.0/5.3.0/../../..] ==> [/usr/local/Cellar/gcc/5.3.0/lib/gcc/5]
  collapse library dir [/usr/local/Cellar/gcc/5.3.0/lib/gcc/5/gcc/x86_64-apple-darwin15.0.0/5.3.0] ==> [/usr/local/Cellar/gcc/5.3.0/lib/gcc/5/gcc/x86_64-apple-darwin15.0.0/5.3.0]
  collapse library dir [/usr/local/Cellar/gcc/5.3.0/lib/gcc/5] ==> [/usr/local/Cellar/gcc/5.3.0/lib/gcc/5]
  collapse library dir [/usr/lib] ==> [/usr/lib]
  collapse library dir [/usr/local/lib] ==> [/usr/local/lib]
  collapse framework dir [/Library/Frameworks/] ==> [/Library/Frameworks]
  collapse framework dir [/System/Library/Frameworks/] ==> [/System/Library/Frameworks]
  implicit libs: [stdc++]
  implicit dirs: [/usr/local/Cellar/gcc/5.3.0/lib/gcc/5/gcc/x86_64-apple-darwin15.0.0/5.3.0;/usr/local/Cellar/gcc/5.3.0/lib/gcc/5;/usr/lib;/usr/local/lib]
  implicit fwks: [/Library/Frameworks;/System/Library/Frameworks]




Detecting CXX [-std=c++14] compiler features compiled with the following output:
Change Dir: /Users/Florian/home/developments/git/snowpac/build/CMakeFiles/CMakeTmp

Run Build Command:"/usr/bin/make" "cmTC_59123/fast"
/Applications/Xcode.app/Contents/Developer/usr/bin/make -f CMakeFiles/cmTC_59123.dir/build.make CMakeFiles/cmTC_59123.dir/build
Building CXX object CMakeFiles/cmTC_59123.dir/feature_tests.cxx.o
/usr/local/Cellar/gcc/5.3.0/bin/g++-5    -std=c++14 -o CMakeFiles/cmTC_59123.dir/feature_tests.cxx.o -c /Users/Florian/home/developments/git/snowpac/build/CMakeFiles/feature_tests.cxx
Linking CXX executable cmTC_59123
/usr/local/Cellar/cmake/3.3.2/bin/cmake -E cmake_link_script CMakeFiles/cmTC_59123.dir/link.txt --verbose=1
/usr/local/Cellar/gcc/5.3.0/bin/g++-5     -Wl,-search_paths_first -Wl,-headerpad_max_install_names   CMakeFiles/cmTC_59123.dir/feature_tests.cxx.o  -o cmTC_59123  


    Feature record: CXX_FEATURE:1cxx_aggregate_default_initializers
    Feature record: CXX_FEATURE:1cxx_alias_templates
    Feature record: CXX_FEATURE:1cxx_alignas
    Feature record: CXX_FEATURE:1cxx_alignof
    Feature record: CXX_FEATURE:1cxx_attributes
    Feature record: CXX_FEATURE:1cxx_attribute_deprecated
    Feature record: CXX_FEATURE:1cxx_auto_type
    Feature record: CXX_FEATURE:1cxx_binary_literals
    Feature record: CXX_FEATURE:1cxx_constexpr
    Feature record: CXX_FEATURE:1cxx_contextual_conversions
    Feature record: CXX_FEATURE:1cxx_decltype
    Feature record: CXX_FEATURE:1cxx_decltype_auto
    Feature record: CXX_FEATURE:1cxx_decltype_incomplete_return_types
    Feature record: CXX_FEATURE:1cxx_default_function_template_args
    Feature record: CXX_FEATURE:1cxx_defaulted_functions
    Feature record: CXX_FEATURE:1cxx_defaulted_move_initializers
    Feature record: CXX_FEATURE:1cxx_delegating_constructors
    Feature record: CXX_FEATURE:1cxx_deleted_functions
    Feature record: CXX_FEATURE:1cxx_digit_separators
    Feature record: CXX_FEATURE:1cxx_enum_forward_declarations
    Feature record: CXX_FEATURE:1cxx_explicit_conversions
    Feature record: CXX_FEATURE:1cxx_extended_friend_declarations
    Feature record: CXX_FEATURE:1cxx_extern_templates
    Feature record: CXX_FEATURE:1cxx_final
    Feature record: CXX_FEATURE:1cxx_func_identifier
    Feature record: CXX_FEATURE:1cxx_generalized_initializers
    Feature record: CXX_FEATURE:1cxx_generic_lambdas
    Feature record: CXX_FEATURE:1cxx_inheriting_constructors
    Feature record: CXX_FEATURE:1cxx_inline_namespaces
    Feature record: CXX_FEATURE:1cxx_lambdas
    Feature record: CXX_FEATURE:1cxx_lambda_init_captures
    Feature record: CXX_FEATURE:1cxx_local_type_template_args
    Feature record: CXX_FEATURE:1cxx_long_long_type
    Feature record: CXX_FEATURE:1cxx_noexcept
    Feature record: CXX_FEATURE:1cxx_nonstatic_member_init
    Feature record: CXX_FEATURE:1cxx_nullptr
    Feature record: CXX_FEATURE:1cxx_override
    Feature record: CXX_FEATURE:1cxx_range_for
    Feature record: CXX_FEATURE:1cxx_raw_string_literals
    Feature record: CXX_FEATURE:1cxx_reference_qualified_functions
    Feature record: CXX_FEATURE:1cxx_relaxed_constexpr
    Feature record: CXX_FEATURE:1cxx_return_type_deduction
    Feature record: CXX_FEATURE:1cxx_right_angle_brackets
    Feature record: CXX_FEATURE:1cxx_rvalue_references
    Feature record: CXX_FEATURE:1cxx_sizeof_member
    Feature record: CXX_FEATURE:1cxx_static_assert
    Feature record: CXX_FEATURE:1cxx_strong_enums
    Feature record: CXX_FEATURE:1cxx_template_template_parameters
    Feature record: CXX_FEATURE:1cxx_thread_local
    Feature record: CXX_FEATURE:1cxx_trailing_return_types
    Feature record: CXX_FEATURE:1cxx_unicode_literals
    Feature record: CXX_FEATURE:1cxx_uniform_initialization
    Feature record: CXX_FEATURE:1cxx_unrestricted_unions
    Feature record: CXX_FEATURE:1cxx_user_literals
    Feature record: CXX_FEATURE:1cxx_variable_templates
    Feature record: CXX_FEATURE:1cxx_variadic_macros
    Feature record: CXX_FEATURE:1cxx_variadic_templates


Detecting CXX [-std=c++11] compiler features compiled with the following output:
Change Dir: /Users/Florian/home/developments/git/snowpac/build/CMakeFiles/CMakeTmp

Run Build Command:"/usr/bin/make" "cmTC_0c430/fast"
/Applications/Xcode.app/Contents/Developer/usr/bin/make -f CMakeFiles/cmTC_0c430.dir/build.make CMakeFiles/cmTC_0c430.dir/build
Building CXX object CMakeFiles/cmTC_0c430.dir/feature_tests.cxx.o
/usr/local/Cellar/gcc/5.3.0/bin/g++-5    -std=c++11 -o CMakeFiles/cmTC_0c430.dir/feature_tests.cxx.o -c /Users/Florian/home/developments/git/snowpac/build/CMakeFiles/feature_tests.cxx
Linking CXX executable cmTC_0c430
/usr/local/Cellar/cmake/3.3.2/bin/cmake -E cmake_link_script CMakeFiles/cmTC_0c430.dir/link.txt --verbose=1
/usr/local/Cellar/gcc/5.3.0/bin/g++-5     -Wl,-search_paths_first -Wl,-headerpad_max_install_names   CMakeFiles/cmTC_0c430.dir/feature_tests.cxx.o  -o cmTC_0c430  


    Feature record: CXX_FEATURE:0cxx_aggregate_default_initializers
    Feature record: CXX_FEATURE:1cxx_alias_templates
    Feature record: CXX_FEATURE:1cxx_alignas
    Feature record: CXX_FEATURE:1cxx_alignof
    Feature record: CXX_FEATURE:1cxx_attributes
    Feature record: CXX_FEATURE:0cxx_attribute_deprecated
    Feature record: CXX_FEATURE:1cxx_auto_type
    Feature record: CXX_FEATURE:0cxx_binary_literals
    Feature record: CXX_FEATURE:1cxx_constexpr
    Feature record: CXX_FEATURE:0cxx_contextual_conversions
    Feature record: CXX_FEATURE:1cxx_decltype
    Feature record: CXX_FEATURE:0cxx_decltype_auto
    Feature record: CXX_FEATURE:1cxx_decltype_incomplete_return_types
    Feature record: CXX_FEATURE:1cxx_default_function_template_args
    Feature record: CXX_FEATURE:1cxx_defaulted_functions
    Feature record: CXX_FEATURE:1cxx_defaulted_move_initializers
    Feature record: CXX_FEATURE:1cxx_delegating_constructors
    Feature record: CXX_FEATURE:1cxx_deleted_functions
    Feature record: CXX_FEATURE:0cxx_digit_separators
    Feature record: CXX_FEATURE:1cxx_enum_forward_declarations
    Feature record: CXX_FEATURE:1cxx_explicit_conversions
    Feature record: CXX_FEATURE:1cxx_extended_friend_declarations
    Feature record: CXX_FEATURE:1cxx_extern_templates
    Feature record: CXX_FEATURE:1cxx_final
    Feature record: CXX_FEATURE:1cxx_func_identifier
    Feature record: CXX_FEATURE:1cxx_generalized_initializers
    Feature record: CXX_FEATURE:0cxx_generic_lambdas
    Feature record: CXX_FEATURE:1cxx_inheriting_constructors
    Feature record: CXX_FEATURE:1cxx_inline_namespaces
    Feature record: CXX_FEATURE:1cxx_lambdas
    Feature record: CXX_FEATURE:0cxx_lambda_init_captures
    Feature record: CXX_FEATURE:1cxx_local_type_template_args
    Feature record: CXX_FEATURE:1cxx_long_long_type
    Feature record: CXX_FEATURE:1cxx_noexcept
    Feature record: CXX_FEATURE:1cxx_nonstatic_member_init
    Feature record: CXX_FEATURE:1cxx_nullptr
    Feature record: CXX_FEATURE:1cxx_override
    Feature record: CXX_FEATURE:1cxx_range_for
    Feature record: CXX_FEATURE:1cxx_raw_string_literals
    Feature record: CXX_FEATURE:1cxx_reference_qualified_functions
    Feature record: CXX_FEATURE:0cxx_relaxed_constexpr
    Feature record: CXX_FEATURE:0cxx_return_type_deduction
    Feature record: CXX_FEATURE:1cxx_right_angle_brackets
    Feature record: CXX_FEATURE:1cxx_rvalue_references
    Feature record: CXX_FEATURE:1cxx_sizeof_member
    Feature record: CXX_FEATURE:1cxx_static_assert
    Feature record: CXX_FEATURE:1cxx_strong_enums
    Feature record: CXX_FEATURE:1cxx_template_template_parameters
    Feature record: CXX_FEATURE:1cxx_thread_local
    Feature record: CXX_FEATURE:1cxx_trailing_return_types
    Feature record: CXX_FEATURE:1cxx_unicode_literals
    Feature record: CXX_FEATURE:1cxx_uniform_initialization
    Feature record: CXX_FEATURE:1cxx_unrestricted_unions
    Feature record: CXX_FEATURE:1cxx_user_literals
    Feature record: CXX_FEATURE:0cxx_variable_templates
    Feature record: CXX_FEATURE:1cxx_variadic_macros
    Feature record: CXX_FEATURE:1cxx_variadic_templates


Detecting CXX [-std=c++98] compiler features compiled with the following output:
Change Dir: /Users/Florian/home/developments/git/snowpac/build/CMakeFiles/CMakeTmp

Run Build Command:"/usr/bin/make" "cmTC_4675d/fast"
/Applications/Xcode.app/Contents/Developer/usr/bin/make -f CMakeFiles/cmTC_4675d.dir/build.make CMakeFiles/cmTC_4675d.dir/build
Building CXX object CMakeFiles/cmTC_4675d.dir/feature_tests.cxx.o
/usr/local/Cellar/gcc/5.3.0/bin/g++-5    -std=c++98 -o CMakeFiles/cmTC_4675d.dir/feature_tests.cxx.o -c /Users/Florian/home/developments/git/snowpac/build/CMakeFiles/feature_tests.cxx
Linking CXX executable cmTC_4675d
/usr/local/Cellar/cmake/3.3.2/bin/cmake -E cmake_link_script CMakeFiles/cmTC_4675d.dir/link.txt --verbose=1
/usr/local/Cellar/gcc/5.3.0/bin/g++-5     -Wl,-search_paths_first -Wl,-headerpad_max_install_names   CMakeFiles/cmTC_4675d.dir/feature_tests.cxx.o  -o cmTC_4675d  


    Feature record: CXX_FEATURE:0cxx_aggregate_default_initializers
    Feature record: CXX_FEATURE:0cxx_alias_templates
    Feature record: CXX_FEATURE:0cxx_alignas
    Feature record: CXX_FEATURE:0cxx_alignof
    Feature record: CXX_FEATURE:0cxx_attributes
    Feature record: CXX_FEATURE:0cxx_attribute_deprecated
    Feature record: CXX_FEATURE:0cxx_auto_type
    Feature record: CXX_FEATURE:0cxx_binary_literals
    Feature record: CXX_FEATURE:0cxx_constexpr
    Feature record: CXX_FEATURE:0cxx_contextual_conversions
    Feature record: CXX_FEATURE:0cxx_decltype
    Feature record: CXX_FEATURE:0cxx_decltype_auto
    Feature record: CXX_FEATURE:0cxx_decltype_incomplete_return_types
    Feature record: CXX_FEATURE:0cxx_default_function_template_args
    Feature record: CXX_FEATURE:0cxx_defaulted_functions
    Feature record: CXX_FEATURE:0cxx_defaulted_move_initializers
    Feature record: CXX_FEATURE:0cxx_delegating_constructors
    Feature record: CXX_FEATURE:0cxx_deleted_functions
    Feature record: CXX_FEATURE:0cxx_digit_separators
    Feature record: CXX_FEATURE:0cxx_enum_forward_declarations
    Feature record: CXX_FEATURE:0cxx_explicit_conversions
    Feature record: CXX_FEATURE:0cxx_extended_friend_declarations
    Feature record: CXX_FEATURE:0cxx_extern_templates
    Feature record: CXX_FEATURE:0cxx_final
    Feature record: CXX_FEATURE:0cxx_func_identifier
    Feature record: CXX_FEATURE:0cxx_generalized_initializers
    Feature record: CXX_FEATURE:0cxx_generic_lambdas
    Feature record: CXX_FEATURE:0cxx_inheriting_constructors
    Feature record: CXX_FEATURE:0cxx_inline_namespaces
    Feature record: CXX_FEATURE:0cxx_lambdas
    Feature record: CXX_FEATURE:0cxx_lambda_init_captures
    Feature record: CXX_FEATURE:0cxx_local_type_template_args
    Feature record: CXX_FEATURE:0cxx_long_long_type
    Feature record: CXX_FEATURE:0cxx_noexcept
    Feature record: CXX_FEATURE:0cxx_nonstatic_member_init
    Feature record: CXX_FEATURE:0cxx_nullptr
    Feature record: CXX_FEATURE:0cxx_override
    Feature record: CXX_FEATURE:0cxx_range_for
    Feature record: CXX_FEATURE:0cxx_raw_string_literals
    Feature record: CXX_FEATURE:0cxx_reference_qualified_functions
    Feature record: CXX_FEATURE:0cxx_relaxed_constexpr
    Feature record: CXX_FEATURE:0cxx_return_type_deduction
    Feature record: CXX_FEATURE:0cxx_right_angle_brackets
    Feature record: CXX_FEATURE:0cxx_rvalue_references
    Feature record: CXX_FEATURE:0cxx_sizeof_member
    Feature record: CXX_FEATURE:0cxx_static_assert
    Feature record: CXX_FEATURE:0cxx_strong_enums
    Feature record: CXX_FEATURE:1cxx_template_template_parameters
    Feature record: CXX_FEATURE:0cxx_thread_local
    Feature record: CXX_FEATURE:0cxx_trailing_return_types
    Feature record: CXX_FEATURE:0cxx_unicode_literals
    Feature record: CXX_FEATURE:0cxx_uniform_initialization
    Feature record: CXX_FEATURE:0cxx_unrestricted_unions
    Feature record: CXX_FEATURE:0cxx_user_literals
    Feature record: CXX_FEATURE:0cxx_variable_templates
    Feature record: CXX_FEATURE:0cxx_variadic_macros
    Feature record: CXX_FEATURE:0cxx_variadic_templates
